<?xml version="1.0" encoding="UTF-8"?>
<!-- Generated by org.testng.reporters.JUnitReportReporter -->
<testsuite skipped="0" hostname="home-pc" name="com.javacodegeeks.testng.maven.TestNgMavenExample" tests="1" failures="0" timestamp="12 июл 2017 10:47:14 GMT" time="0.024" errors="0">
  <testcase name="exampleOfTestNgMaven" time="0.024" classname="com.javacodegeeks.testng.maven.TestNgMavenExample"/>
</testsuite> <!-- com.javacodegeeks.testng.maven.TestNgMavenExample -->
